<?xml version="1.0" encoding="UTF-8"?>
<testng-results ignored="0" total="2" passed="2" failed="0" skipped="0">
  <reporter-output>
  </reporter-output>
  <suite started-at="2025-07-28T14:00:52 IST" name="Default suite" finished-at="2025-07-28T14:00:58 IST" duration-ms="5582">
    <groups>
    </groups>
    <test started-at="2025-07-28T14:00:52 IST" name="Default test" finished-at="2025-07-28T14:00:58 IST" duration-ms="5582">
      <class name="JsonPlaceHolder.SerDesrDemo">
        <test-method signature="DeserializationTest()[pri:0, instance:JsonPlaceHolder.SerDesrDemo@4d5d943d]" started-at="2025-07-28T14:00:53 IST" name="DeserializationTest" finished-at="2025-07-28T14:00:56 IST" duration-ms="3944" status="PASS">
          <reporter-output>
          </reporter-output>
        </test-method> <!-- DeserializationTest -->
        <test-method signature="SerializationTest()[pri:0, instance:JsonPlaceHolder.SerDesrDemo@4d5d943d]" started-at="2025-07-28T14:00:56 IST" name="SerializationTest" finished-at="2025-07-28T14:00:58 IST" duration-ms="1540" status="PASS">
          <reporter-output>
          </reporter-output>
        </test-method> <!-- SerializationTest -->
      </class> <!-- JsonPlaceHolder.SerDesrDemo -->
    </test> <!-- Default test -->
  </suite> <!-- Default suite -->
</testng-results>
