<?xml version="1.0" encoding="UTF-8"?>
<!-- Generated by org.testng.reporters.JUnitReportReporter -->
<testsuite hostname="LIN-6YM5Q94" failures="0" tests="2" name="JsonPlaceHolder.SerDesrDemo" time="5.484" errors="0" timestamp="2025-07-28T14:00:58 IST" skipped="0">
  <testcase classname="JsonPlaceHolder.SerDesrDemo" name="DeserializationTest" time="3.944"/>
  <testcase classname="JsonPlaceHolder.SerDesrDemo" name="SerializationTest" time="1.540"/>
</testsuite> <!-- JsonPlaceHolder.SerDesrDemo -->
